2025-03-12 13:18:58 - INFO - Connected to SFTP server: sftp.aldouslegal.com
2025-03-12 13:18:58 - INFO - Listed directory: /aldous-sftp/appfolio
2025-03-12 13:18:58 - ERROR - Failed to download file /appfolio/AppFolio_property_2025-03-12.csv: [Errno 2] No such file or directory: '/downloads/AppFolio_property_2025-03-12.csv'
2025-03-12 13:18:58 - INFO - SFTP connection closed.
2025-03-12 13:20:32 - INFO - Connected to SFTP server: sftp.aldouslegal.com
2025-03-12 13:20:32 - INFO - Listed directory: /aldous-sftp/appfolio
2025-03-12 13:20:33 - ERROR - Failed to download file /appfolio/AppFolio_property_2025-03-12.csv: [Errno 13] Access denied
2025-03-12 13:20:33 - INFO - SFTP connection closed.
2025-03-12 13:26:06 - INFO - Connected to SFTP server: sftp.aldouslegal.com
2025-03-12 13:26:07 - INFO - Listed directory: /aldous-sftp/appfolio
2025-03-12 13:26:07 - INFO - Downloaded file: /aldous-sftp/appfolio/AppFolio_property_2025-03-12.csv -> downloads/AppFolio_property_2025-03-12.csv
2025-03-12 13:26:07 - INFO - SFTP connection closed.
2025-03-12 13:28:17 - INFO - Connected to SFTP server: sftp.aldouslegal.com
2025-03-12 13:28:18 - INFO - Listed directory: /aldous-sftp/appfolio
2025-03-12 13:28:18 - INFO - Downloaded file: /aldous-sftp/appfolio/AppFolio_property_2025-03-12.csv -> downloads/AppFolio_property_2025-03-12.csv
2025-03-12 13:28:18 - ERROR - Failed to upload file test.txt: [Errno 2] /aldous-sftp/
2025-03-12 13:28:18 - INFO - SFTP connection closed.
2025-03-12 13:32:16 - INFO - Connected to SFTP server: sftp.aldouslegal.com
2025-03-12 13:32:17 - INFO - Listed directory: /aldous-sftp/appfolio
2025-03-12 13:32:17 - INFO - Downloaded file: /aldous-sftp/appfolio/AppFolio_property_2025-03-12.csv -> downloads/AppFolio_property_2025-03-12.csv
2025-03-12 13:32:17 - INFO - Uploaded file: test.txt -> /aldous-sftp/test.txt
2025-03-12 13:32:17 - INFO - SFTP connection closed.
2025-03-12 13:39:23 - INFO - Connected to SFTP server: sftp.aldouslegal.com
2025-03-12 13:39:24 - INFO - Renamed file: /aldous-sftp/test.txt -> /aldous-sftp/renamed.txt
2025-03-12 13:39:24 - INFO - SFTP connection closed.
2025-03-12 14:19:15 - INFO - Connected to SFTP server: sftp.aldouslegal.com
2025-03-12 14:19:15 - ERROR - Failed to download directory /aldous-sftp/tcn/call_recordings: [Errno 2] /aldous-sftp/tcn/call_recordings\test.txt
2025-03-12 14:19:15 - INFO - SFTP connection closed.
2025-03-12 14:20:26 - INFO - Connected to SFTP server: sftp.aldouslegal.com
2025-03-12 14:20:26 - ERROR - Failed to download directory /aldous-sftp/tcn/call_recordings: [Errno 2] /aldous-sftp/tcn/call_recordings\test.txt
2025-03-12 14:20:26 - INFO - SFTP connection closed.
2025-03-12 14:24:32 - INFO - Connected to SFTP server: sftp.aldouslegal.com
2025-03-12 14:24:32 - INFO - Downloaded file: /aldous-sftp/tcn/call_recordings/test.txt -> downloads/tcn\call_recordings\test.txt
2025-03-12 14:24:32 - INFO - SFTP connection closed.
2025-03-12 14:27:45 - INFO - Connected to SFTP server: sftp.aldouslegal.com
2025-03-12 14:27:45 - INFO - Downloaded file: /aldous-sftp/tcn/call_recordings/test.txt -> downloads/tcn\call_recordings\test.txt
2025-03-12 14:27:45 - INFO - SFTP connection closed.
2025-03-12 14:28:38 - INFO - Connected to SFTP server: sftp.aldouslegal.com
2025-03-12 14:28:38 - INFO - Downloaded file: /aldous-sftp/tcn/call_recordings/test.txt -> downloads/tcn\call_recordings\test.txt
2025-03-12 14:28:38 - INFO - SFTP connection closed.
